Download E. coli K-12 MG1655 reference
--2026-06-06 20:30:33--  https://ftp.ncbi.nlm.nih.gov/genomes/all/GCF/000/005/845/GCF_000005845.2_ASM584v2/GCF_000005845.2_ASM584v2_genomic.fna.gz
Resolving ftp.ncbi.nlm.nih.gov (ftp.ncbi.nlm.nih.gov)... 130.14.250.31, 130.14.250.7, 2607:f220:41e:250::13, ...
Connecting to ftp.ncbi.nlm.nih.gov (ftp.ncbi.nlm.nih.gov)|130.14.250.31|:443... connected.
HTTP request sent, awaiting response... 200 OK
Length: 1379902 (1.3M) [application/x-gzip]
Saving to: ‘/home/zarc/bioinform/Assignment3/data/ecoli_k12_mg1655.fa.gz’

     0K .......... .......... .......... .......... ..........  3% 91.4K 14s
    50K .......... .......... .......... .......... ..........  7%  205K 10s
   100K .......... .......... .......... .......... .......... 11% 32.0M 6s
   150K .......... .......... .......... .......... .......... 14%  206K 6s
   200K .......... .......... .......... .......... .......... 18% 17.6M 5s
   250K .......... .......... .......... .......... .......... 22% 96.4M 4s
   300K .......... .......... .......... .......... .......... 25%  102M 3s
   350K .......... .......... .......... .......... .......... 29%  206K 3s
   400K .......... .......... .......... .......... .......... 33% 20.2M 3s
   450K .......... .......... .......... .......... .......... 37% 77.2M 2s
   500K .......... .......... .......... .......... .......... 40%  118M 2s
   550K .......... .......... .......... .......... .......... 44% 45.4M 2s
   600K .......... .......... .......... .......... .......... 48%  149M 1s
   650K .......... .......... .......... .......... .......... 51% 41.3M 1s
   700K .......... .......... .......... .......... .......... 55%  207K 1s
   750K .......... .......... .......... .......... .......... 59% 18.5M 1s
   800K .......... .......... .......... .......... .......... 63% 79.8M 1s
   850K .......... .......... .......... .......... .......... 66% 42.7M 1s
   900K .......... .......... .......... .......... .......... 70% 37.1M 1s
   950K .......... .......... .......... .......... .......... 74% 65.9M 1s
  1000K .......... .......... .......... .......... .......... 77% 83.5M 0s
  1050K .......... .......... .......... .......... .......... 81% 77.0M 0s
  1100K .......... .......... .......... .......... .......... 85% 52.7M 0s
  1150K .......... .......... .......... .......... .......... 89% 98.8K 0s
  1200K .......... .......... .......... .......... .......... 92%  205K 0s
  1250K .......... .......... .......... .......... .......... 96%  205K 0s
  1300K .......... .......... .......... .......... .......   100% 96.9M=2.5s

2026-06-06 20:30:37 (532 KB/s) - ‘/home/zarc/bioinform/Assignment3/data/ecoli_k12_mg1655.fa.gz’ saved [1379902/1379902]


Reference saved:
  /home/zarc/bioinform/Assignment3/data/ecoli_k12_mg1655.fa

Download ONT reads from SRA/ENA:
  Run: ERR11030140
  NCBI SRA: https://www.ncbi.nlm.nih.gov/sra/ERR11030140
  ENA run:  https://www.ebi.ac.uk/ena/browser/view/ERR11030140

Option A, SRA Toolkit:
  prefetch ERR11030140
  fasterq-dump ERR11030140 --outdir /home/zarc/bioinform/Assignment3/data

Option B, ENA browser:
  open https://www.ebi.ac.uk/ena/browser/view/ERR11030140
  copy the FASTQ FTP link and download it with wget.

The reads file should then be passed to scripts/mapping_qc_pipeline.sh with -q.
